2021-10-24 23:36:15.440  INFO 6012 --- [main] gBootCoreDataJpaMvcRest1ApplicationTests : Starting TimesheetSpringBootCoreDataJpaMvcRest1ApplicationTests on DESKTOP-61SU83J with PID 6012 (started by Manel Mattoussi in C:\Users\Manel Mattoussi\Desktop\TimesheetProject\DevopsProject)
2021-10-24 23:36:15.452  INFO 6012 --- [main] gBootCoreDataJpaMvcRest1ApplicationTests : No active profile set, falling back to default profiles: default
2021-10-24 23:36:17.567  INFO 6012 --- [main] .s.d.r.c.RepositoryConfigurationDelegate : Bootstrapping Spring Data repositories in DEFAULT mode.
2021-10-24 23:36:17.761  INFO 6012 --- [main] .s.d.r.c.RepositoryConfigurationDelegate : Finished Spring Data repository scanning in 175ms. Found 6 repository interfaces.
2021-10-24 23:36:18.586  INFO 6012 --- [main] trationDelegate$BeanPostProcessorChecker : Bean 'org.springframework.transaction.annotation.ProxyTransactionManagementConfiguration' of type [org.springframework.transaction.annotation.ProxyTransactionManagementConfiguration$$EnhancerBySpringCGLIB$$dc9e66fb] is not eligible for getting processed by all BeanPostProcessors (for example: not eligible for auto-proxying)
2021-10-24 23:36:19.196  INFO 6012 --- [main] com.zaxxer.hikari.HikariDataSource       : HikariPool-1 - Starting...
2021-10-24 23:36:19.616  INFO 6012 --- [main] com.zaxxer.hikari.HikariDataSource       : HikariPool-1 - Start completed.
2021-10-24 23:36:19.906  INFO 6012 --- [main] o.hibernate.jpa.internal.util.LogHelper  : HHH000204: Processing PersistenceUnitInfo [
	name: default
	...]
2021-10-24 23:36:20.065  INFO 6012 --- [main] org.hibernate.Version                    : HHH000412: Hibernate Core {5.3.9.Final}
2021-10-24 23:36:20.067  INFO 6012 --- [main] org.hibernate.cfg.Environment            : HHH000206: hibernate.properties not found
2021-10-24 23:36:20.467  INFO 6012 --- [main] o.hibernate.annotations.common.Version   : HCANN000001: Hibernate Commons Annotations {5.0.4.Final}
2021-10-24 23:36:20.943  INFO 6012 --- [main] org.hibernate.dialect.Dialect            : HHH000400: Using dialect: org.hibernate.dialect.MySQL5Dialect
2021-10-24 23:36:25.107  INFO 6012 --- [main] j.LocalContainerEntityManagerFactoryBean : Initialized JPA EntityManagerFactory for persistence unit 'default'
2021-10-24 23:36:25.752  INFO 6012 --- [main] o.h.h.i.QueryTranslatorFactoryInitiator  : HHH000397: Using ASTQueryTranslatorFactory
2021-10-24 23:36:27.616  INFO 6012 --- [main] o.s.s.concurrent.ThreadPoolTaskExecutor  : Initializing ExecutorService 'applicationTaskExecutor'
2021-10-24 23:36:28.068  WARN 6012 --- [main] aWebConfiguration$JpaWebMvcConfiguration : spring.jpa.open-in-view is enabled by default. Therefore, database queries may be performed during view rendering. Explicitly configure spring.jpa.open-in-view to disable this warning
2021-10-24 23:36:28.772  INFO 6012 --- [main] gBootCoreDataJpaMvcRest1ApplicationTests : Started TimesheetSpringBootCoreDataJpaMvcRest1ApplicationTests in 14.215 seconds (JVM running for 18.011)
2021-10-24 23:36:29.821  INFO 6012 --- [main] t.e.spring.services.EmployeServiceImpl   : Employee deleted 
2021-10-24 23:36:29.895  INFO 6012 --- [main] t.e.spring.services.EmployeServiceImpl   : Employefoulenaffected to DepartementD1
2021-10-24 23:36:29.920  INFO 6012 --- [main] t.e.spring.services.EmployeServiceImpl   : Employee updated successfullyram@gmail.com
2021-10-24 23:36:30.601  INFO 6012 --- [main] t.e.spring.services.EmployeServiceImpl   : Employees List  >0 ,182
2021-10-24 23:36:30.682  INFO 6012 --- [main] t.e.spring.services.EmployeServiceImpl   : Employee added with success :  empId = 281 new empId = 281
2021-10-24 23:36:30.827  INFO 6012 --- [main] t.e.spring.services.EmployeServiceImpl   : Employe number != 0
2021-10-24 23:36:30.893  INFO 6012 --- [main] t.e.spring.services.ContratServiceImpl   : le contart est:tn.esprit.spring.entities.Contrat@2709e075
2021-10-24 23:36:31.271  INFO 6012 --- [main] t.e.spring.services.ContratServiceImpl   : Le contrat est: tn.esprit.spring.entities.Contrat@4767be27
2021-10-24 23:36:31.272  INFO 6012 --- [main] t.e.spring.services.ContratServiceImpl   : Le contrat est: tn.esprit.spring.entities.Contrat@46f041cb
2021-10-24 23:36:31.272  INFO 6012 --- [main] t.e.spring.services.ContratServiceImpl   : Le contrat est: tn.esprit.spring.entities.Contrat@46baac0d
2021-10-24 23:36:31.273  INFO 6012 --- [main] t.e.spring.services.ContratServiceImpl   : Le contrat est: tn.esprit.spring.entities.Contrat@493489dd
2021-10-24 23:36:31.273  INFO 6012 --- [main] t.e.spring.services.ContratServiceImpl   : Le contrat est: tn.esprit.spring.entities.Contrat@3358805a
2021-10-24 23:36:31.273  INFO 6012 --- [main] t.e.spring.services.ContratServiceImpl   : Le contrat est: tn.esprit.spring.entities.Contrat@77e261e3
2021-10-24 23:36:31.273  INFO 6012 --- [main] t.e.spring.services.ContratServiceImpl   : Le contrat est: tn.esprit.spring.entities.Contrat@642b71d6
2021-10-24 23:36:31.274  INFO 6012 --- [main] t.e.spring.services.ContratServiceImpl   : Le contrat est: tn.esprit.spring.entities.Contrat@93c66ef
2021-10-24 23:36:31.274  INFO 6012 --- [main] t.e.spring.services.ContratServiceImpl   : Le contrat est: tn.esprit.spring.entities.Contrat@7e916dc2
2021-10-24 23:36:31.274  INFO 6012 --- [main] t.e.spring.services.ContratServiceImpl   : Le contrat est: tn.esprit.spring.entities.Contrat@1a18e68a
2021-10-24 23:36:31.274  INFO 6012 --- [main] t.e.spring.services.ContratServiceImpl   : Le contrat est: tn.esprit.spring.entities.Contrat@258291de
2021-10-24 23:36:31.274  INFO 6012 --- [main] t.e.spring.services.ContratServiceImpl   : Le contrat est: tn.esprit.spring.entities.Contrat@4f63909f
2021-10-24 23:36:31.274  INFO 6012 --- [main] t.e.spring.services.ContratServiceImpl   : Le contrat est: tn.esprit.spring.entities.Contrat@3ae91bcc
2021-10-24 23:36:31.274  INFO 6012 --- [main] t.e.spring.services.ContratServiceImpl   : Le contrat est: tn.esprit.spring.entities.Contrat@679886ad
2021-10-24 23:36:31.275  INFO 6012 --- [main] t.e.spring.services.ContratServiceImpl   : Le contrat est: tn.esprit.spring.entities.Contrat@5625e7e1
2021-10-24 23:36:31.275  INFO 6012 --- [main] t.e.spring.services.ContratServiceImpl   : Le contrat est: tn.esprit.spring.entities.Contrat@59172d2
2021-10-24 23:36:31.275  INFO 6012 --- [main] t.e.spring.services.ContratServiceImpl   : Le contrat est: tn.esprit.spring.entities.Contrat@77d42ed7
2021-10-24 23:36:31.275  INFO 6012 --- [main] t.e.spring.services.ContratServiceImpl   : Le contrat est: tn.esprit.spring.entities.Contrat@54da736e
2021-10-24 23:36:31.275  INFO 6012 --- [main] t.e.spring.services.ContratServiceImpl   : Le contrat est: tn.esprit.spring.entities.Contrat@2d398cfb
2021-10-24 23:36:31.275  INFO 6012 --- [main] t.e.spring.services.ContratServiceImpl   : Le contrat est: tn.esprit.spring.entities.Contrat@23307c6c
2021-10-24 23:36:31.276  INFO 6012 --- [main] t.e.spring.services.ContratServiceImpl   : Le contrat est: tn.esprit.spring.entities.Contrat@75c45c4b
2021-10-24 23:36:31.276  INFO 6012 --- [main] t.e.spring.services.ContratServiceImpl   : Le contrat est: tn.esprit.spring.entities.Contrat@7202009e
2021-10-24 23:36:31.276  INFO 6012 --- [main] t.e.spring.services.ContratServiceImpl   : Le contrat est: tn.esprit.spring.entities.Contrat@133d0471
2021-10-24 23:36:31.276  INFO 6012 --- [main] t.e.spring.services.ContratServiceImpl   : Le contrat est: tn.esprit.spring.entities.Contrat@33cec966
2021-10-24 23:36:31.276  INFO 6012 --- [main] t.e.spring.services.ContratServiceImpl   : Le contrat est: tn.esprit.spring.entities.Contrat@643fed50
2021-10-24 23:36:31.276  INFO 6012 --- [main] t.e.spring.services.ContratServiceImpl   : Le contrat est: tn.esprit.spring.entities.Contrat@65b07b9
2021-10-24 23:36:31.277  INFO 6012 --- [main] t.e.spring.services.ContratServiceImpl   : Le contrat est: tn.esprit.spring.entities.Contrat@7dbe858f
2021-10-24 23:36:31.277  INFO 6012 --- [main] t.e.spring.services.ContratServiceImpl   : Le contrat est: tn.esprit.spring.entities.Contrat@387ef6a7
2021-10-24 23:36:31.277  INFO 6012 --- [main] t.e.spring.services.ContratServiceImpl   : Le contrat est: tn.esprit.spring.entities.Contrat@2330c995
2021-10-24 23:36:31.277  INFO 6012 --- [main] t.e.spring.services.ContratServiceImpl   : Le contrat est: tn.esprit.spring.entities.Contrat@7d086485
2021-10-24 23:36:31.277  INFO 6012 --- [main] t.e.spring.services.ContratServiceImpl   : Le contrat est: tn.esprit.spring.entities.Contrat@74130456
2021-10-24 23:36:31.277  INFO 6012 --- [main] t.e.spring.services.ContratServiceImpl   : La taille de contrats  ,31
2021-10-24 23:36:31.584  INFO 6012 --- [main] t.e.spring.services.ContratServiceImpl   : le salaire d'ingenieur est:2700.0
2021-10-24 23:36:31.593  INFO 6012 --- [Thread-1] o.s.s.concurrent.ThreadPoolTaskExecutor  : Shutting down ExecutorService 'applicationTaskExecutor'
2021-10-24 23:36:31.598  INFO 6012 --- [Thread-1] j.LocalContainerEntityManagerFactoryBean : Closing JPA EntityManagerFactory for persistence unit 'default'
2021-10-24 23:36:31.606  INFO 6012 --- [Thread-1] com.zaxxer.hikari.HikariDataSource       : HikariPool-1 - Shutdown initiated...
2021-10-24 23:36:31.626  INFO 6012 --- [Thread-1] com.zaxxer.hikari.HikariDataSource       : HikariPool-1 - Shutdown completed.
